<?xml version="1.0" encoding="UTF-8"?>
<!-- Generated by org.testng.reporters.JUnitReportReporter -->
<testsuite skipped="0" hostname="PruthviRaj" name="com.orangeHRM.qa.testcases.DepenedentsPageTest" tests="17" failures="0" timestamp="2021-11-08T23:28:33 MST" time="22.498" errors="0">
  <testcase name="validateDependentsButton_bgcolor" time="0.211" classname="com.orangeHRM.qa.testcases.DepenedentsPageTest"/>
  <system-out/>
  <testcase name="validatingMandatoryFieldsbeforeEnteringValues" time="0.398" classname="com.orangeHRM.qa.testcases.DepenedentsPageTest"/>
  <system-out/>
  <testcase name="setcontext1" time="0.001" classname="com.orangeHRM.qa.testcases.DepenedentsPageTest"/>
  <system-out/>
  <testcase name="dependentsTesting" time="1.220" classname="com.orangeHRM.qa.testcases.DepenedentsPageTest"/>
  <system-out/>
  <testcase name="validatingRelationShipDropdownOptionsSort" time="0.061" classname="com.orangeHRM.qa.testcases.DepenedentsPageTest"/>
  <system-out/>
  <testcase name="validatingRelationShipDropdownOptionsDuplicates" time="0.065" classname="com.orangeHRM.qa.testcases.DepenedentsPageTest"/>
  <system-out/>
  <testcase name="verifyDateOfBirthFormat" time="0.035" classname="com.orangeHRM.qa.testcases.DepenedentsPageTest"/>
  <system-out/>
  <testcase name="validatingMandatoryFieldsAfterEnteringValues" time="0.075" classname="com.orangeHRM.qa.testcases.DepenedentsPageTest"/>
  <system-out/>
  <testcase name="saveDependent" time="1.027" classname="com.orangeHRM.qa.testcases.DepenedentsPageTest"/>
  <system-out/>
  <testcase name="cancelDependent" time="0.139" classname="com.orangeHRM.qa.testcases.DepenedentsPageTest"/>
  <system-out/>
  <testcase name="dependentTableHeaderValidation" time="0.266" classname="com.orangeHRM.qa.testcases.DepenedentsPageTest"/>
  <system-out/>
  <testcase name="setcontext2" time="0.001" classname="com.orangeHRM.qa.testcases.DepenedentsPageTest"/>
  <system-out/>
  <testcase name="editDependents" time="1.506" classname="com.orangeHRM.qa.testcases.DepenedentsPageTest"/>
  <system-out/>
  <testcase name="deletingSingle_Dependent" time="0.863" classname="com.orangeHRM.qa.testcases.DepenedentsPageTest"/>
  <system-out/>
  <testcase name="setcontext" time="0.001" classname="com.orangeHRM.qa.testcases.DepenedentsPageTest"/>
  <system-out/>
  <testcase name="deletingall_Dependents" time="0.040" classname="com.orangeHRM.qa.testcases.DepenedentsPageTest"/>
  <system-out/>
  <testcase name="dependentsAttachmentTesting" time="16.589" classname="com.orangeHRM.qa.testcases.DepenedentsPageTest"/>
  <system-out/>
</testsuite> <!-- com.orangeHRM.qa.testcases.DepenedentsPageTest -->
