<?xml version="1.0" encoding="UTF-8"?>
<!-- Generated by org.testng.reporters.JUnitReportReporter -->
<testsuite skipped="0" hostname="PruthviRaj" name="com.orangeHRM.qa.testcases.OrganizationPageTest" tests="2" failures="0" timestamp="2021-11-08T23:28:32 MST" time="0.454" errors="0">
  <testcase name="validatingUserManagementSubMenuDisplay" time="0.452" classname="com.orangeHRM.qa.testcases.OrganizationPageTest"/>
  <system-out/>
  <testcase name="organizationTesting" time="0.002" classname="com.orangeHRM.qa.testcases.OrganizationPageTest"/>
  <system-out/>
</testsuite> <!-- com.orangeHRM.qa.testcases.OrganizationPageTest -->
