<?xml version="1.0" encoding="UTF-8"?>
<!-- Generated by org.testng.reporters.JUnitReportReporter -->
<testsuite skipped="0" hostname="PruthviRaj" name="com.orangeHRM.qa.testcases.TimeSheetsPageTest" tests="2" failures="0" timestamp="2021-11-08T23:28:32 MST" time="0.286" errors="0">
  <testcase name="validatingTimeSheetsSubMenuDisplay" time="0.286" classname="com.orangeHRM.qa.testcases.TimeSheetsPageTest"/>
  <system-out/>
  <testcase name="timeSheetsTesting" time="0.000" classname="com.orangeHRM.qa.testcases.TimeSheetsPageTest"/>
  <system-out/>
</testsuite> <!-- com.orangeHRM.qa.testcases.TimeSheetsPageTest -->
