<?xml version="1.0" encoding="UTF-8"?>
<!-- Generated by org.testng.reporters.JUnitReportReporter -->
<testsuite skipped="0" hostname="PruthviRaj" name="com.orangeHRM.qa.testcases.LeavePageTest" tests="2" failures="0" timestamp="2021-11-08T23:28:33 MST" time="2.217" errors="0">
  <testcase name="validatingLeaveSubMenuDisplay" time="0.995" classname="com.orangeHRM.qa.testcases.LeavePageTest"/>
  <system-out/>
  <testcase name="verifyColurOfSubMenu" time="1.222" classname="com.orangeHRM.qa.testcases.LeavePageTest"/>
  <system-out/>
</testsuite> <!-- com.orangeHRM.qa.testcases.LeavePageTest -->
