<?xml version="1.0" encoding="UTF-8"?>
<!-- Generated by org.testng.reporters.JUnitReportReporter -->
<testsuite skipped="0" hostname="PruthviRaj" name="com.orangeHRM.qa.testcases.AssignLeavePageTest" tests="16" failures="0" timestamp="2021-11-08T23:28:28 MST" time="44.500" errors="0">
  <testcase name="validatingMandatoryFieldsbeforeEnteringValues" time="0.274" classname="com.orangeHRM.qa.testcases.AssignLeavePageTest"/>
  <system-out/>
  <testcase name="setcontext" time="0.001" classname="com.orangeHRM.qa.testcases.AssignLeavePageTest"/>
  <system-out/>
  <testcase name="assignLeaveTesting" time="35.785" classname="com.orangeHRM.qa.testcases.AssignLeavePageTest"/>
  <system-out/>
  <testcase name="validatingLeaveBalanceDropdownOptionsSort" time="0.254" classname="com.orangeHRM.qa.testcases.AssignLeavePageTest"/>
  <system-out/>
  <testcase name="validatingLeaveBalanceDropdownOptionsDuplicates" time="0.126" classname="com.orangeHRM.qa.testcases.AssignLeavePageTest"/>
  <system-out/>
  <testcase name="verifyEmpNameContainsCharacters" time="0.029" classname="com.orangeHRM.qa.testcases.AssignLeavePageTest"/>
  <system-out/>
  <testcase name="verifyToDateShouldBeAfterFromDate" time="0.060" classname="com.orangeHRM.qa.testcases.AssignLeavePageTest"/>
  <system-out/>
  <testcase name="verifyCommentsCharacters" time="0.030" classname="com.orangeHRM.qa.testcases.AssignLeavePageTest"/>
  <system-out/>
  <testcase name="verifyFromDateFormat" time="0.031" classname="com.orangeHRM.qa.testcases.AssignLeavePageTest"/>
  <system-out/>
  <testcase name="verifyToDateFormat" time="0.030" classname="com.orangeHRM.qa.testcases.AssignLeavePageTest"/>
  <system-out/>
  <testcase name="validatingMandatoryFields" time="0.285" classname="com.orangeHRM.qa.testcases.AssignLeavePageTest"/>
  <system-out/>
  <testcase name="verifyPartialDaysAsNone" time="0.161" classname="com.orangeHRM.qa.testcases.AssignLeavePageTest"/>
  <system-out/>
  <testcase name="verifyPartialDaysAsAllDays" time="1.333" classname="com.orangeHRM.qa.testcases.AssignLeavePageTest"/>
  <system-out/>
  <testcase name="verifyPartialDaysAsStartDayOnly" time="1.234" classname="com.orangeHRM.qa.testcases.AssignLeavePageTest"/>
  <system-out/>
  <testcase name="verifyPartialDaysAsEndDayOnly" time="1.772" classname="com.orangeHRM.qa.testcases.AssignLeavePageTest"/>
  <system-out/>
  <testcase name="verifyPartialDaysAsStartandEndDay" time="3.095" classname="com.orangeHRM.qa.testcases.AssignLeavePageTest"/>
  <system-out/>
</testsuite> <!-- com.orangeHRM.qa.testcases.AssignLeavePageTest -->
