<?xml version="1.0" encoding="UTF-8"?>
<!-- Generated by org.testng.reporters.JUnitReportReporter -->
<testsuite skipped="0" hostname="PruthviRaj" name="com.orangeHRM.qa.testcases.MyEntitlementsPageTest" tests="2" failures="0" timestamp="2021-11-08T23:28:34 MST" time="4.821" errors="0">
  <testcase name="setcontext" time="0.001" classname="com.orangeHRM.qa.testcases.MyEntitlementsPageTest"/>
  <system-out/>
  <testcase name="verifyMyEntitlementTestPage" time="4.820" classname="com.orangeHRM.qa.testcases.MyEntitlementsPageTest"/>
  <system-out/>
</testsuite> <!-- com.orangeHRM.qa.testcases.MyEntitlementsPageTest -->
