<?xml version="1.0" encoding="UTF-8"?>
<!-- Generated by org.testng.reporters.JUnitReportReporter -->
<testsuite skipped="0" hostname="PruthviRaj" name="com.orangeHRM.qa.testcases.ConfigureLeavePageTest" tests="2" failures="0" timestamp="2021-11-08T23:28:33 MST" time="0.497" errors="0">
  <testcase name="validatingConfigureLeaveSubMenuDisplay" time="0.496" classname="com.orangeHRM.qa.testcases.ConfigureLeavePageTest"/>
  <system-out/>
  <testcase name="configureLeaveTesting" time="0.001" classname="com.orangeHRM.qa.testcases.ConfigureLeavePageTest"/>
  <system-out/>
</testsuite> <!-- com.orangeHRM.qa.testcases.ConfigureLeavePageTest -->
