<?xml version="1.0" encoding="UTF-8"?>
<!-- Generated by org.testng.reporters.JUnitReportReporter -->
<testsuite skipped="0" hostname="PruthviRaj" name="com.orangeHRM.qa.testcases.AttendancePageTest" tests="2" failures="0" timestamp="2021-11-08T23:28:33 MST" time="0.439" errors="0">
  <testcase name="validatingAttendanceSubMenuDisplay" time="0.438" classname="com.orangeHRM.qa.testcases.AttendancePageTest"/>
  <system-out/>
  <testcase name="attendanceTesting" time="0.001" classname="com.orangeHRM.qa.testcases.AttendancePageTest"/>
  <system-out/>
</testsuite> <!-- com.orangeHRM.qa.testcases.AttendancePageTest -->
