<?xml version="1.0" encoding="UTF-8"?>
<!-- Generated by org.testng.reporters.JUnitReportReporter -->
<testsuite skipped="0" hostname="PruthviRaj" name="com.orangeHRM.qa.testcases.WorkWeekPageTest" tests="1" failures="0" timestamp="2021-11-08T23:28:31 MST" time="0.000" errors="0">
  <testcase name="workWeekTesting" time="0.000" classname="com.orangeHRM.qa.testcases.WorkWeekPageTest"/>
  <system-out/>
</testsuite> <!-- com.orangeHRM.qa.testcases.WorkWeekPageTest -->
