<?xml version="1.0" encoding="UTF-8"?>
<!-- Generated by org.testng.reporters.JUnitReportReporter -->
<testsuite skipped="0" hostname="PruthviRaj" name="com.orangeHRM.qa.testcases.QualificationsPageTest" tests="2" failures="0" timestamp="2021-11-08T23:28:34 MST" time="0.509" errors="0">
  <testcase name="validatingUserManagementSubMenuDisplay" time="0.508" classname="com.orangeHRM.qa.testcases.QualificationsPageTest"/>
  <system-out/>
  <testcase name="qualificationsTesting" time="0.001" classname="com.orangeHRM.qa.testcases.QualificationsPageTest"/>
  <system-out/>
</testsuite> <!-- com.orangeHRM.qa.testcases.QualificationsPageTest -->
