<?xml version="1.0" encoding="UTF-8"?>
<!-- Generated by org.testng.reporters.JUnitReportReporter -->
<testsuite skipped="1" hostname="PruthviRaj" name="com.orangeHRM.qa.testcases.LoginTestPage" tests="4" failures="0" timestamp="2021-11-08T23:28:30 MST" time="16.064" errors="0">
  <testcase name="setcontext" time="0.002" classname="com.orangeHRM.qa.testcases.LoginTestPage"/>
  <system-out/>
  <testcase name="login_invalid_credentials" time="0.000" classname="com.orangeHRM.qa.testcases.LoginTestPage">
    <skipped/>
  </testcase> <!-- login_invalid_credentials -->
  <system-out/>
  <testcase name="login_valid_credentials" time="9.212" classname="com.orangeHRM.qa.testcases.LoginTestPage"/>
  <system-out/>
  <testcase name="login_valid_credentials_Othercase" time="6.850" classname="com.orangeHRM.qa.testcases.LoginTestPage"/>
  <system-out/>
</testsuite> <!-- com.orangeHRM.qa.testcases.LoginTestPage -->
