<?xml version="1.0" encoding="UTF-8"?>
<!-- Generated by org.testng.reporters.JUnitReportReporter -->
<testsuite skipped="0" hostname="PruthviRaj" name="com.orangeHRM.qa.testcases.ProjectInfoPageTest" tests="2" failures="0" timestamp="2021-11-08T23:28:29 MST" time="0.337" errors="0">
  <testcase name="validatingProjectInfoSubMenuDisplay" time="0.336" classname="com.orangeHRM.qa.testcases.ProjectInfoPageTest"/>
  <system-out/>
  <testcase name="projectInfoTesting" time="0.001" classname="com.orangeHRM.qa.testcases.ProjectInfoPageTest"/>
  <system-out/>
</testsuite> <!-- com.orangeHRM.qa.testcases.ProjectInfoPageTest -->
