<?xml version="1.0" encoding="UTF-8"?>
<!-- Generated by org.testng.reporters.JUnitReportReporter -->
<testsuite skipped="0" hostname="PruthviRaj" name="com.orangeHRM.qa.testcases.JobAdminPageTest" tests="2" failures="0" timestamp="2021-11-08T23:28:30 MST" time="0.418" errors="0">
  <testcase name="validatingJobAdminSubMenuDisplay" time="0.418" classname="com.orangeHRM.qa.testcases.JobAdminPageTest"/>
  <system-out/>
  <testcase name="jobAdminTesting" time="0.000" classname="com.orangeHRM.qa.testcases.JobAdminPageTest"/>
  <system-out/>
</testsuite> <!-- com.orangeHRM.qa.testcases.JobAdminPageTest -->
