<?xml version="1.0" encoding="UTF-8"?>
<!-- Generated by org.testng.reporters.JUnitReportReporter -->
<testsuite skipped="0" hostname="PruthviRaj" name="com.orangeHRM.qa.testcases.BaseVerificationTest" tests="6" failures="0" timestamp="2021-11-08T23:28:32 MST" time="44.008" errors="0">
  <testcase name="verifyCommonElements" time="0.308" classname="com.orangeHRM.qa.testcases.BaseVerificationTest"/>
  <system-out/>
  <testcase name="verifyCommonElementsAfterLogin" time="2.474" classname="com.orangeHRM.qa.testcases.BaseVerificationTest"/>
  <system-out/>
  <testcase name="verifyingTitleBarElementsDisplay" time="0.547" classname="com.orangeHRM.qa.testcases.BaseVerificationTest"/>
  <system-out/>
  <testcase name="verifyingNavigation" time="12.710" classname="com.orangeHRM.qa.testcases.BaseVerificationTest"/>
  <system-out/>
  <testcase name="afterLoginLogoClick" time="24.087" classname="com.orangeHRM.qa.testcases.BaseVerificationTest"/>
  <system-out/>
  <testcase name="helpIdClick" time="3.882" classname="com.orangeHRM.qa.testcases.BaseVerificationTest"/>
  <system-out/>
</testsuite> <!-- com.orangeHRM.qa.testcases.BaseVerificationTest -->
