<?xml version="1.0" encoding="UTF-8"?>
<!-- Generated by org.testng.reporters.JUnitReportReporter -->
<testsuite skipped="0" hostname="PruthviRaj" name="com.orangeHRM.qa.testcases.AddEntitlementPageTest" tests="3" failures="0" timestamp="2021-11-08T23:28:31 MST" time="6.859" errors="0">
  <testcase name="addEntitlement" time="0.001" classname="com.orangeHRM.qa.testcases.AddEntitlementPageTest"/>
  <system-out/>
  <testcase name="setcontext" time="0.001" classname="com.orangeHRM.qa.testcases.AddEntitlementPageTest"/>
  <system-out/>
  <testcase name="verifyAddEntitlementsTestPage" time="6.857" classname="com.orangeHRM.qa.testcases.AddEntitlementPageTest"/>
  <system-out/>
</testsuite> <!-- com.orangeHRM.qa.testcases.AddEntitlementPageTest -->
