<?xml version="1.0" encoding="UTF-8"?>
<!-- Generated by org.testng.reporters.JUnitReportReporter -->
<testsuite skipped="0" hostname="PruthviRaj" name="com.orangeHRM.qa.testcases.UserManagementPageTest" tests="2" failures="0" timestamp="2021-11-08T23:28:34 MST" time="0.232" errors="0">
  <testcase name="validatingUserManagementSubMenuDisplay" time="0.232" classname="com.orangeHRM.qa.testcases.UserManagementPageTest"/>
  <system-out/>
  <testcase name="userManagementTesting" time="0.000" classname="com.orangeHRM.qa.testcases.UserManagementPageTest"/>
  <system-out/>
</testsuite> <!-- com.orangeHRM.qa.testcases.UserManagementPageTest -->
