<?xml version="1.0" encoding="UTF-8"?>
<!-- Generated by org.testng.reporters.JUnitReportReporter -->
<testsuite skipped="0" hostname="PruthviRaj" name="com.orangeHRM.qa.testcases.PIMPageTest" tests="2" failures="0" timestamp="2021-11-08T23:28:33 MST" time="1.620" errors="0">
  <testcase name="validatingPIMSubMenuDisplay" time="0.789" classname="com.orangeHRM.qa.testcases.PIMPageTest"/>
  <system-out/>
  <testcase name="verifyColorsOfSubmenuInPim" time="0.831" classname="com.orangeHRM.qa.testcases.PIMPageTest"/>
  <system-out/>
</testsuite> <!-- com.orangeHRM.qa.testcases.PIMPageTest -->
