<?xml version="1.0" encoding="UTF-8"?>
<!-- Generated by org.testng.reporters.JUnitReportReporter -->
<testsuite skipped="0" hostname="PruthviRaj" name="com.orangeHRM.qa.testcases.EmployeeTrackersPageTest" tests="1" failures="0" timestamp="2021-11-08T23:28:34 MST" time="0.001" errors="0">
  <testcase name="employeeTrackersTesting" time="0.001" classname="com.orangeHRM.qa.testcases.EmployeeTrackersPageTest"/>
  <system-out/>
</testsuite> <!-- com.orangeHRM.qa.testcases.EmployeeTrackersPageTest -->
